<?xml version="1.0" encoding="UTF-8"?>
<testng-results ignored="0" total="2" passed="2" failed="0" skipped="0">
  <reporter-output>
  </reporter-output>
  <suite started-at="2025-12-10T23:52:51 EET" name="Default suite" finished-at="2025-12-10T23:53:02 EET" duration-ms="11272">
    <groups>
    </groups>
    <test started-at="2025-12-10T23:52:51 EET" name="Default test" finished-at="2025-12-10T23:53:02 EET" duration-ms="11272">
      <class name="databasetest.Saucedemo1">
        <test-method is-config="true" signature="startUp()[pri:0, instance:databasetest.Saucedemo1@7216fb24]" started-at="2025-12-10T23:52:51 EET" name="startUp" finished-at="2025-12-10T23:53:00 EET" duration-ms="8748" status="PASS">
          <reporter-output>
          </reporter-output>
        </test-method> <!-- startUp -->
        <test-method signature="UpdateTheData()[pri:1, instance:databasetest.Saucedemo1@7216fb24]" started-at="2025-12-10T23:53:00 EET" name="UpdateTheData" finished-at="2025-12-10T23:53:01 EET" duration-ms="1152" status="PASS">
          <reporter-output>
          </reporter-output>
        </test-method> <!-- UpdateTheData -->
        <test-method signature="ReadDataInsideTheBrowser()[pri:2, instance:databasetest.Saucedemo1@7216fb24]" started-at="2025-12-10T23:53:01 EET" name="ReadDataInsideTheBrowser" finished-at="2025-12-10T23:53:02 EET" duration-ms="1219" status="PASS">
          <reporter-output>
          </reporter-output>
        </test-method> <!-- ReadDataInsideTheBrowser -->
        <test-method is-config="true" signature="After()[pri:0, instance:databasetest.Saucedemo1@7216fb24]" started-at="2025-12-10T23:53:02 EET" name="After" finished-at="2025-12-10T23:53:02 EET" duration-ms="0" status="PASS">
          <reporter-output>
          </reporter-output>
        </test-method> <!-- After -->
      </class> <!-- databasetest.Saucedemo1 -->
    </test> <!-- Default test -->
  </suite> <!-- Default suite -->
</testng-results>
